  315116917_PROYECTO_GPO4.cpp
D:\Brian Geovanny\Documents\FI\Octavo Sem 2\Computacion Grafica\Lab\Proyecto\ProyectoLabCG\ProyectoLabCG\315116917_PROYECTO_GPO4.cpp(229,30): warning C4244: 'inicializando': conversión de 'double' a 'GLfloat'; posible pérdida de datos
D:\Brian Geovanny\Documents\FI\Octavo Sem 2\Computacion Grafica\Lab\Proyecto\ProyectoLabCG\ProyectoLabCG\315116917_PROYECTO_GPO4.cpp(578,28): warning C4305: '+=': truncamiento de 'double' a 'float'
D:\Brian Geovanny\Documents\FI\Octavo Sem 2\Computacion Grafica\Lab\Proyecto\ProyectoLabCG\ProyectoLabCG\315116917_PROYECTO_GPO4.cpp(621,26): warning C4305: '-=': truncamiento de 'double' a 'float'
D:\Brian Geovanny\Documents\FI\Octavo Sem 2\Computacion Grafica\Lab\Proyecto\ProyectoLabCG\ProyectoLabCG\315116917_PROYECTO_GPO4.cpp(625,28): warning C4305: '-=': truncamiento de 'double' a 'float'
D:\Brian Geovanny\Documents\FI\Octavo Sem 2\Computacion Grafica\Lab\Proyecto\ProyectoLabCG\ProyectoLabCG\315116917_PROYECTO_GPO4.cpp(626,27): warning C4305: '-=': truncamiento de 'double' a 'float'
D:\Brian Geovanny\Documents\FI\Octavo Sem 2\Computacion Grafica\Lab\Proyecto\ProyectoLabCG\ProyectoLabCG\315116917_PROYECTO_GPO4.cpp(631,34): warning C4305: '+=': truncamiento de 'double' a 'float'
D:\Brian Geovanny\Documents\FI\Octavo Sem 2\Computacion Grafica\Lab\Proyecto\ProyectoLabCG\ProyectoLabCG\315116917_PROYECTO_GPO4.cpp(641,34): warning C4305: '+=': truncamiento de 'double' a 'float'
D:\Brian Geovanny\Documents\FI\Octavo Sem 2\Computacion Grafica\Lab\Proyecto\ProyectoLabCG\ProyectoLabCG\315116917_PROYECTO_GPO4.cpp(647,34): warning C4305: '+=': truncamiento de 'double' a 'float'
D:\Brian Geovanny\Documents\FI\Octavo Sem 2\Computacion Grafica\Lab\Proyecto\ProyectoLabCG\ProyectoLabCG\315116917_PROYECTO_GPO4.cpp(653,34): warning C4305: '+=': truncamiento de 'double' a 'float'
D:\Brian Geovanny\Documents\FI\Octavo Sem 2\Computacion Grafica\Lab\Proyecto\ProyectoLabCG\ProyectoLabCG\315116917_PROYECTO_GPO4.cpp(659,35): warning C4305: '+=': truncamiento de 'double' a 'float'
D:\Brian Geovanny\Documents\FI\Octavo Sem 2\Computacion Grafica\Lab\Proyecto\ProyectoLabCG\ProyectoLabCG\315116917_PROYECTO_GPO4.cpp(668,28): warning C4305: '-=': truncamiento de 'double' a 'float'
D:\Brian Geovanny\Documents\FI\Octavo Sem 2\Computacion Grafica\Lab\Proyecto\ProyectoLabCG\ProyectoLabCG\315116917_PROYECTO_GPO4.cpp(968,17): warning C4244: '=': conversión de 'double' a 'GLfloat'; posible pérdida de datos
D:\Brian Geovanny\Documents\FI\Octavo Sem 2\Computacion Grafica\Lab\Proyecto\ProyectoLabCG\ProyectoLabCG\315116917_PROYECTO_GPO4.cpp(969,17): warning C4244: '=': conversión de 'double' a 'GLfloat'; posible pérdida de datos
D:\Brian Geovanny\Documents\FI\Octavo Sem 2\Computacion Grafica\Lab\Proyecto\ProyectoLabCG\ProyectoLabCG\315116917_PROYECTO_GPO4.cpp(973,21): warning C4244: 'inicializando': conversión de 'double' a 'GLfloat'; posible pérdida de datos
D:\Brian Geovanny\Documents\FI\Octavo Sem 2\Computacion Grafica\Lab\Proyecto\ProyectoLabCG\ProyectoLabCG\315116917_PROYECTO_GPO4.cpp(974,21): warning C4244: 'inicializando': conversión de 'double' a 'GLfloat'; posible pérdida de datos
D:\Brian Geovanny\Documents\FI\Octavo Sem 2\Computacion Grafica\Lab\Proyecto\ProyectoLabCG\ProyectoLabCG\315116917_PROYECTO_GPO4.cpp(976,13): warning C4244: '=': conversión de 'double' a 'GLfloat'; posible pérdida de datos
D:\Brian Geovanny\Documents\FI\Octavo Sem 2\Computacion Grafica\Lab\Proyecto\ProyectoLabCG\ProyectoLabCG\315116917_PROYECTO_GPO4.cpp(977,13): warning C4244: '=': conversión de 'double' a 'GLfloat'; posible pérdida de datos
soil2-debug.lib(SOIL2.obj) : warning LNK4075: se omite '/EDITANDCONTINUE' debido a la especificación '/OPT:ICF'
LINK : warning LNK4098: la biblioteca predeterminada'MSVCRTD' entra en conflicto con otras bibliotecas; use la biblioteca /NODEFAULTLIB:biblioteca
  Generando código
  607 of 619 functions (98.1%) were compiled, the rest were copied from previous compilation.
    1 functions were new in current compilation
    2 functions had inline decision re-evaluated but remain unchanged
  Generación de código finalizada
soil2-debug.lib(etc1_utils.obj) : warning LNK4099: no se encontró PDB 'soil2-debug.pdb' con 'soil2-debug.lib(etc1_utils.obj)' o en 'D:\Brian Geovanny\Documents\FI\Octavo Sem 2\Computacion Grafica\Lab\Proyecto\ProyectoLabCG\Release\soil2-debug.pdb'; se vinculará el objeto sin tener en cuenta información de depuración
soil2-debug.lib(image_DXT.obj) : warning LNK4099: no se encontró PDB 'soil2-debug.pdb' con 'soil2-debug.lib(image_DXT.obj)' o en 'D:\Brian Geovanny\Documents\FI\Octavo Sem 2\Computacion Grafica\Lab\Proyecto\ProyectoLabCG\Release\soil2-debug.pdb'; se vinculará el objeto sin tener en cuenta información de depuración
soil2-debug.lib(image_helper.obj) : warning LNK4099: no se encontró PDB '' con 'soil2-debug.lib(image_helper.obj)' o en ''; se vinculará el objeto sin tener en cuenta información de depuración
soil2-debug.lib(SOIL2.obj) : warning LNK4099: no se encontró PDB 'soil2-debug.pdb' con 'soil2-debug.lib(SOIL2.obj)' o en 'D:\Brian Geovanny\Documents\FI\Octavo Sem 2\Computacion Grafica\Lab\Proyecto\ProyectoLabCG\Release\soil2-debug.pdb'; se vinculará el objeto sin tener en cuenta información de depuración
  ProyectoLabCG.vcxproj -> D:\Brian Geovanny\Documents\FI\Octavo Sem 2\Computacion Grafica\Lab\Proyecto\ProyectoLabCG\Release\ProyectoLabCG.exe
